[2022-01-12 12:23:26,265: INFO/MainProcess] Connected to redis://localhost:6379//
[2022-01-12 12:23:26,355: INFO/MainProcess] mingle: searching for neighbors
[2022-01-12 12:23:27,209: INFO/SpawnPoolWorker-3] child process 3028 calling self.run()
[2022-01-12 12:23:27,225: INFO/SpawnPoolWorker-1] child process 9664 calling self.run()
[2022-01-12 12:23:27,264: INFO/SpawnPoolWorker-2] child process 16604 calling self.run()
[2022-01-12 12:23:27,361: INFO/SpawnPoolWorker-4] child process 13224 calling self.run()
[2022-01-12 12:23:27,667: INFO/MainProcess] mingle: all alone
[2022-01-12 12:23:28,043: WARNING/MainProcess] D:\fazil\Python\api\env\lib\site-packages\celery\fixups\django.py:203: UserWarning: Using settings.DEBUG leads to a memory
            leak, never use this setting in production environments!
  warnings.warn('''Using settings.DEBUG leads to a memory

[2022-01-12 12:23:28,043: INFO/MainProcess] celery@DESKTOP-B54MNMN ready.
[2022-01-12 12:23:28,090: INFO/MainProcess] Task fetch_rate_task[4e7eabe4-a4e2-4a5a-9c71-91d18bcb7b91] received
[2022-01-12 12:23:28,090: INFO/MainProcess] Task fetch_rate_task[82ba7ce5-3cff-4daf-b9be-fd162f04944f] received
[2022-01-12 12:23:28,090: INFO/MainProcess] Task fetch_rate_task[844cdd96-c54d-4d9a-bb01-2549c5d8bcb2] received
[2022-01-12 12:23:31,112: INFO/SpawnPoolWorker-7] child process 17400 calling self.run()
[2022-01-12 12:23:31,116: INFO/SpawnPoolWorker-6] child process 2060 calling self.run()
[2022-01-12 12:23:31,199: INFO/SpawnPoolWorker-5] child process 16144 calling self.run()
[2022-01-12 12:23:57,671: INFO/MainProcess] Task fetch_rate_task[44bc4c07-45b6-4eaf-87cf-5806fc0f482d] received
[2022-01-12 12:23:59,595: INFO/SpawnPoolWorker-8] child process 10736 calling self.run()
[2022-01-12 12:23:59,595: INFO/SpawnPoolWorker-10] child process 16804 calling self.run()
[2022-01-12 12:23:59,626: INFO/SpawnPoolWorker-9] child process 15748 calling self.run()
[2022-01-12 12:23:59,673: INFO/SpawnPoolWorker-11] child process 13976 calling self.run()
[2022-01-12 12:24:27,665: INFO/MainProcess] Task fetch_rate_task[dea4c726-85ce-4c57-bddd-57adf89122bd] received
[2022-01-12 12:24:28,793: INFO/SpawnPoolWorker-12] child process 10024 calling self.run()
[2022-01-12 12:24:28,825: INFO/SpawnPoolWorker-13] child process 6784 calling self.run()
[2022-01-12 12:24:28,856: INFO/SpawnPoolWorker-14] child process 16292 calling self.run()
[2022-01-12 12:24:28,856: INFO/SpawnPoolWorker-15] child process 7912 calling self.run()
[2022-01-12 12:24:47,305: WARNING/MainProcess] Restoring 5 unacknowledged message(s)
[2022-01-12 12:25:18,538: INFO/MainProcess] Connected to redis://localhost:6379//
[2022-01-12 12:25:18,600: INFO/MainProcess] mingle: searching for neighbors
[2022-01-12 12:25:19,373: INFO/SpawnPoolWorker-1] child process 13364 calling self.run()
[2022-01-12 12:25:19,404: INFO/SpawnPoolWorker-2] child process 17008 calling self.run()
[2022-01-12 12:25:19,482: INFO/SpawnPoolWorker-3] child process 16456 calling self.run()
[2022-01-12 12:25:19,586: INFO/SpawnPoolWorker-4] child process 5984 calling self.run()
[2022-01-12 12:25:19,852: INFO/MainProcess] mingle: all alone
[2022-01-12 12:25:20,202: WARNING/MainProcess] D:\fazil\Python\api\env\lib\site-packages\celery\fixups\django.py:203: UserWarning: Using settings.DEBUG leads to a memory
            leak, never use this setting in production environments!
  warnings.warn('''Using settings.DEBUG leads to a memory

[2022-01-12 12:25:20,203: INFO/MainProcess] celery@DESKTOP-B54MNMN ready.
[2022-01-12 12:25:20,212: INFO/MainProcess] Task fetch_rate_task[dea4c726-85ce-4c57-bddd-57adf89122bd] received
[2022-01-12 12:25:20,218: INFO/MainProcess] Task fetch_rate_task[44bc4c07-45b6-4eaf-87cf-5806fc0f482d] received
[2022-01-12 12:25:20,224: INFO/MainProcess] Task fetch_rate_task[844cdd96-c54d-4d9a-bb01-2549c5d8bcb2] received
[2022-01-12 12:25:20,230: INFO/MainProcess] Task fetch_rate_task[82ba7ce5-3cff-4daf-b9be-fd162f04944f] received
[2022-01-12 12:25:20,270: INFO/MainProcess] Task fetch_rate_task[4e7eabe4-a4e2-4a5a-9c71-91d18bcb7b91] received
[2022-01-12 12:25:21,388: INFO/MainProcess] Task fetch_rate_task[08ae1af1-97fd-4c54-9530-0bb315945a08] received
[2022-01-12 12:25:22,195: INFO/SpawnPoolWorker-5] child process 16020 calling self.run()
[2022-01-12 12:25:22,226: INFO/SpawnPoolWorker-6] child process 16316 calling self.run()
[2022-01-12 12:25:22,226: INFO/SpawnPoolWorker-7] child process 3596 calling self.run()
[2022-01-12 12:25:24,626: INFO/SpawnPoolWorker-9] child process 7540 calling self.run()
[2022-01-12 12:25:24,642: INFO/SpawnPoolWorker-8] child process 12676 calling self.run()
[2022-01-12 12:25:24,657: INFO/SpawnPoolWorker-10] child process 7868 calling self.run()
